-- The C compiler identification is GNU 11.3.0
-- The CXX compiler identification is GNU 11.3.0
-- Detecting C compiler ABI info
-- Detecting C compiler ABI info - done
-- Check for working C compiler: /usr/bin/cc - skipped
-- Detecting C compile features
-- Detecting C compile features - done
-- Detecting CXX compiler ABI info
-- Detecting CXX compiler ABI info - done
-- Check for working CXX compiler: /usr/bin/c++ - skipped
-- Detecting CXX compile features
-- Detecting CXX compile features - done
-- Found ament_cmake: 2.0.2 (/opt/ros/iron/share/ament_cmake/cmake)
-- Found Python3: /usr/bin/python3.10 (found version "3.10.6") found components: Interpreter 
-- Override CMake install command with custom implementation using symlinks instead of copying resources
-- Found ament_lint_auto: 0.14.1 (/opt/ros/iron/share/ament_lint_auto/cmake)
-- Added test 'flake8' to check Python code syntax and style conventions
-- Configured 'flake8' exclude dirs and/or files: 
-- Added test 'lint_cmake' to check CMake code style
-- Added test 'pep257' to check Python code against some of the docstring style conventions in PEP 257
-- Added test 'xmllint' to check XML markup files
-- Configuring done
-- Generating done
-- Build files have been written to: /home/sam/dev_ws/build/my_package
-- Install configuration: ""
-- Execute custom install script
-- Symlinking: /home/sam/dev_ws/install/my_package/share/my_package/launch/listener.launcher.py
-- Symlinking: /home/sam/dev_ws/install/my_package/share/my_package/launch/talker.launch.py
-- Symlinking: /home/sam/dev_ws/install/my_package/share/ament_index/resource_index/package_run_dependencies/my_package
-- Symlinking: /home/sam/dev_ws/install/my_package/share/ament_index/resource_index/parent_prefix_path/my_package
-- Symlinking: /home/sam/dev_ws/install/my_package/share/my_package/environment/ament_prefix_path.sh
-- Symlinking: /home/sam/dev_ws/install/my_package/share/my_package/environment/ament_prefix_path.dsv
-- Symlinking: /home/sam/dev_ws/install/my_package/share/my_package/environment/path.sh
-- Symlinking: /home/sam/dev_ws/install/my_package/share/my_package/environment/path.dsv
-- Symlinking: /home/sam/dev_ws/install/my_package/share/my_package/local_setup.bash
-- Symlinking: /home/sam/dev_ws/install/my_package/share/my_package/local_setup.sh
-- Symlinking: /home/sam/dev_ws/install/my_package/share/my_package/local_setup.zsh
-- Symlinking: /home/sam/dev_ws/install/my_package/share/my_package/local_setup.dsv
-- Symlinking: /home/sam/dev_ws/install/my_package/share/my_package/package.dsv
-- Symlinking: /home/sam/dev_ws/install/my_package/share/ament_index/resource_index/packages/my_package
-- Symlinking: /home/sam/dev_ws/install/my_package/share/my_package/cmake/my_packageConfig.cmake
-- Symlinking: /home/sam/dev_ws/install/my_package/share/my_package/cmake/my_packageConfig-version.cmake
-- Symlinking: /home/sam/dev_ws/install/my_package/share/my_package/package.xml
