[0.012s] Invoking command in '/home/sam/dev_ws/build/my_package': CMAKE_PREFIX_PATH=/opt/ros/iron /usr/bin/cmake /home/sam/dev_ws/src/my_package -DAMENT_CMAKE_SYMLINK_INSTALL=1 -DCMAKE_INSTALL_PREFIX=/home/sam/dev_ws/install/my_package
[0.103s] -- The C compiler identification is GNU 11.3.0
[0.190s] -- The CXX compiler identification is GNU 11.3.0
[0.199s] -- Detecting C compiler ABI info
[0.266s] -- Detecting C compiler ABI info - done
[0.276s] -- Check for working C compiler: /usr/bin/cc - skipped
[0.277s] -- Detecting C compile features
[0.277s] -- Detecting C compile features - done
[0.280s] -- Detecting CXX compiler ABI info
[0.358s] -- Detecting CXX compiler ABI info - done
[0.366s] -- Check for working CXX compiler: /usr/bin/c++ - skipped
[0.366s] -- Detecting CXX compile features
[0.367s] -- Detecting CXX compile features - done
[0.368s] -- Found ament_cmake: 2.0.2 (/opt/ros/iron/share/ament_cmake/cmake)
[0.539s] -- Found Python3: /usr/bin/python3.10 (found version "3.10.6") found components: Interpreter 
[0.600s] -- Override CMake install command with custom implementation using symlinks instead of copying resources
[0.620s] -- Found ament_lint_auto: 0.14.1 (/opt/ros/iron/share/ament_lint_auto/cmake)
[0.693s] -- Added test 'flake8' to check Python code syntax and style conventions
[0.693s] -- Configured 'flake8' exclude dirs and/or files: 
[0.693s] -- Added test 'lint_cmake' to check CMake code style
[0.694s] -- Added test 'pep257' to check Python code against some of the docstring style conventions in PEP 257
[0.695s] -- Added test 'xmllint' to check XML markup files
[0.696s] -- Configuring done
[0.699s] -- Generating done
[0.700s] -- Build files have been written to: /home/sam/dev_ws/build/my_package
[0.705s] Invoked command in '/home/sam/dev_ws/build/my_package' returned '0': CMAKE_PREFIX_PATH=/opt/ros/iron /usr/bin/cmake /home/sam/dev_ws/src/my_package -DAMENT_CMAKE_SYMLINK_INSTALL=1 -DCMAKE_INSTALL_PREFIX=/home/sam/dev_ws/install/my_package
[0.707s] Invoking command in '/home/sam/dev_ws/build/my_package': CMAKE_PREFIX_PATH=/opt/ros/iron /usr/bin/cmake --build /home/sam/dev_ws/build/my_package -- -j8 -l8
[0.743s] Invoked command in '/home/sam/dev_ws/build/my_package' returned '0': CMAKE_PREFIX_PATH=/opt/ros/iron /usr/bin/cmake --build /home/sam/dev_ws/build/my_package -- -j8 -l8
[0.772s] Invoking command in '/home/sam/dev_ws/build/my_package': CMAKE_PREFIX_PATH=/opt/ros/iron /usr/bin/cmake --install /home/sam/dev_ws/build/my_package
[0.779s] -- Install configuration: ""
[0.779s] -- Execute custom install script
[0.780s] -- Symlinking: /home/sam/dev_ws/install/my_package/share/my_package/launch/listener.launcher.py
[0.788s] -- Symlinking: /home/sam/dev_ws/install/my_package/share/my_package/launch/talker.launch.py
[0.796s] -- Symlinking: /home/sam/dev_ws/install/my_package/share/ament_index/resource_index/package_run_dependencies/my_package
[0.804s] -- Symlinking: /home/sam/dev_ws/install/my_package/share/ament_index/resource_index/parent_prefix_path/my_package
[0.812s] -- Symlinking: /home/sam/dev_ws/install/my_package/share/my_package/environment/ament_prefix_path.sh
[0.819s] -- Symlinking: /home/sam/dev_ws/install/my_package/share/my_package/environment/ament_prefix_path.dsv
[0.827s] -- Symlinking: /home/sam/dev_ws/install/my_package/share/my_package/environment/path.sh
[0.836s] -- Symlinking: /home/sam/dev_ws/install/my_package/share/my_package/environment/path.dsv
[0.844s] -- Symlinking: /home/sam/dev_ws/install/my_package/share/my_package/local_setup.bash
[0.852s] -- Symlinking: /home/sam/dev_ws/install/my_package/share/my_package/local_setup.sh
[0.859s] -- Symlinking: /home/sam/dev_ws/install/my_package/share/my_package/local_setup.zsh
[0.867s] -- Symlinking: /home/sam/dev_ws/install/my_package/share/my_package/local_setup.dsv
[0.874s] -- Symlinking: /home/sam/dev_ws/install/my_package/share/my_package/package.dsv
[0.881s] -- Symlinking: /home/sam/dev_ws/install/my_package/share/ament_index/resource_index/packages/my_package
[0.889s] -- Symlinking: /home/sam/dev_ws/install/my_package/share/my_package/cmake/my_packageConfig.cmake
[0.897s] -- Symlinking: /home/sam/dev_ws/install/my_package/share/my_package/cmake/my_packageConfig-version.cmake
[0.904s] -- Symlinking: /home/sam/dev_ws/install/my_package/share/my_package/package.xml
[0.913s] Invoked command in '/home/sam/dev_ws/build/my_package' returned '0': CMAKE_PREFIX_PATH=/opt/ros/iron /usr/bin/cmake --install /home/sam/dev_ws/build/my_package
